Arguments: 
  D:\Program Files\nodejs\node.exe C:\Users\Devin\AppData\Roaming\npm\node_modules\yarn\bin\yarn.js

PATH: 
  D:\Program Files\cmder\vendor\conemu-maximus5\ConEmu\Scripts;D:\Program Files\cmder\vendor\conemu-maximus5;D:\Program Files\cmder\vendor\conemu-maximus5\ConEmu;C:\Windows\system32;C:\Windows;C:\Windows\System32\Wbem;C:\Windows\System32\WindowsPowerShell\v1.0\;C:\Windows\System32\OpenSSH\;C:\Program Files (x86)\NVIDIA Corporation\PhysX\Common;C:\Program Files\NVIDIA Corporation\NVIDIA NvDLISR;D:\Program Files\Microsoft VS Code\bin;D:\Program Files\nodejs\;D:\Program Files\Git\cmd;C:\Users\Devin\.cargo\bin;C:\Users\Devin\AppData\Local\Microsoft\WindowsApps;C:\Users\Devin\AppData\Roaming\npm;C:\Users\Devin\AppData\Local\GitHubDesktop\bin;D:\Program Files\Git\mingw64\bin;D:\Program Files\Git\usr\bin;D:\Program Files\cmder\vendor\bin;D:\Program Files\cmder

Yarn version: 
  1.22.19

Node version: 
  16.17.0

Platform: 
  win32 x64

Trace: 
  Error: connect ETIMEDOUT 104.16.22.35:443
      at TCPConnectWrap.afterConnect [as oncomplete] (node:net:1247:16)

npm manifest: 
  {
  	"name": "freecodecamp-quality-assurance-api",
  	"version": "1.0.0",
  	"description": "An FCC Quality Assurance Challenge",
  	"main": "server.js",
  	"scripts": {
  		"start": "node server.js",
  		"dev": "nodemon server.js",
  		"test": "mocha ./tests/ --ui tdd -t 10000"
  	},
  	"dependencies": {
  		"body-parser": "^1.19.0",
  		"chai": "^4.2.0",
  		"chai-http": "^4.3.0",
  		"cors": "^2.8.5",
  		"dotenv": "^8.2.0",
  		"express": "^4.17.1",
  		"mocha": "^8.1.3",
  		"mongoose": "^6.2.10"
  	},
  	"repository": {
  		"type": "git",
  		"url": "https://github.com/DimensionalDragon/freecodecamp-qa-projects"
  	},
  	"keywords": [
  		"node",
  		"freeCodeCamp",
  		"express"
  	],
  	"license": "MIT",
  	"devDependencies": {
  		"nodemon": "^2.0.15"
  	}
  }

yarn manifest: 
  No manifest

Lockfile: 
  No lockfile
